INFO:    Starting build...
INFO:    Fetching OCI image...
INFO:    Extracting OCI image...
INFO:    Inserting Singularity configuration...
INFO:    Running post scriptlet
+ mkdir -p /tmp/pip-cache
+ python3 -m pip install --cache-dir /tmp/pip-cache -U pip setuptools
Requirement already satisfied: pip in /opt/conda/lib/python3.11/site-packages (23.3)
Collecting pip
  Using cached pip-24.3.1-py3-none-any.whl.metadata (3.7 kB)
Requirement already satisfied: setuptools in /opt/conda/lib/python3.11/site-packages (68.2.2)
Collecting setuptools
  Using cached setuptools-75.6.0-py3-none-any.whl.metadata (6.7 kB)
Using cached pip-24.3.1-py3-none-any.whl (1.8 MB)
Using cached setuptools-75.6.0-py3-none-any.whl (1.2 MB)
Installing collected packages: setuptools, pip
  Attempting uninstall: setuptools
    Found existing installation: setuptools 68.2.2
    Uninstalling setuptools-68.2.2:
      Successfully uninstalled setuptools-68.2.2
  Attempting uninstall: pip
    Found existing installation: pip 23.3
    Uninstalling pip-23.3:
      Successfully uninstalled pip-23.3
Successfully installed pip-24.3.1 setuptools-75.6.0
WARNING: Running pip as the 'root' user can result in broken permissions and conflicting behaviour with the system package manager. It is recommended to use a virtual environment instead: https://pip.pypa.io/warnings/venv
+ python3 -m pip install --cache-dir /tmp/pip-cache tensorflow[and-cuda]
Collecting tensorflow[and-cuda]
  Using cached tensorflow-2.18.0-cp311-cp311-manylinux_2_17_x86_64.manylinux2014_x86_64.whl.metadata (4.1 kB)
Collecting absl-py>=1.0.0 (from tensorflow[and-cuda])
  Using cached absl_py-2.1.0-py3-none-any.whl.metadata (2.3 kB)
Collecting astunparse>=1.6.0 (from tensorflow[and-cuda])
  Using cached astunparse-1.6.3-py2.py3-none-any.whl.metadata (4.4 kB)
Collecting flatbuffers>=24.3.25 (from tensorflow[and-cuda])
  Using cached flatbuffers-24.3.25-py2.py3-none-any.whl.metadata (850 bytes)
Collecting gast!=0.5.0,!=0.5.1,!=0.5.2,>=0.2.1 (from tensorflow[and-cuda])
  Using cached gast-0.6.0-py3-none-any.whl.metadata (1.3 kB)
Collecting google-pasta>=0.1.1 (from tensorflow[and-cuda])
  Using cached google_pasta-0.2.0-py3-none-any.whl.metadata (814 bytes)
Collecting libclang>=13.0.0 (from tensorflow[and-cuda])
  Using cached libclang-18.1.1-py2.py3-none-manylinux2010_x86_64.whl.metadata (5.2 kB)
Collecting opt-einsum>=2.3.2 (from tensorflow[and-cuda])
  Using cached opt_einsum-3.4.0-py3-none-any.whl.metadata (6.3 kB)
Requirement already satisfied: packaging in /opt/conda/lib/python3.11/site-packages (from tensorflow[and-cuda]) (23.2)
Requirement already satisfied: protobuf!=4.21.0,!=4.21.1,!=4.21.2,!=4.21.3,!=4.21.4,!=4.21.5,<6.0.0dev,>=3.20.3 in /opt/conda/lib/python3.11/site-packages (from tensorflow[and-cuda]) (4.24.3)
Requirement already satisfied: requests<3,>=2.21.0 in /opt/conda/lib/python3.11/site-packages (from tensorflow[and-cuda]) (2.31.0)
Requirement already satisfied: setuptools in /opt/conda/lib/python3.11/site-packages (from tensorflow[and-cuda]) (75.6.0)
Requirement already satisfied: six>=1.12.0 in /opt/conda/lib/python3.11/site-packages (from tensorflow[and-cuda]) (1.16.0)
Collecting termcolor>=1.1.0 (from tensorflow[and-cuda])
  Using cached termcolor-2.5.0-py3-none-any.whl.metadata (6.1 kB)
Requirement already satisfied: typing-extensions>=3.6.6 in /opt/conda/lib/python3.11/site-packages (from tensorflow[and-cuda]) (4.8.0)
Collecting wrapt>=1.11.0 (from tensorflow[and-cuda])
  Using cached wrapt-1.16.0-cp311-cp311-manylinux_2_5_x86_64.manylinux1_x86_64.manylinux_2_17_x86_64.manylinux2014_x86_64.whl.metadata (6.6 kB)
Collecting grpcio<2.0,>=1.24.3 (from tensorflow[and-cuda])
  Using cached grpcio-1.68.0-cp311-cp311-manylinux_2_17_x86_64.manylinux2014_x86_64.whl.metadata (3.9 kB)
Collecting tensorboard<2.19,>=2.18 (from tensorflow[and-cuda])
  Using cached tensorboard-2.18.0-py3-none-any.whl.metadata (1.6 kB)
Collecting keras>=3.5.0 (from tensorflow[and-cuda])
  Using cached keras-3.6.0-py3-none-any.whl.metadata (5.8 kB)
Collecting numpy<2.1.0,>=1.26.0 (from tensorflow[and-cuda])
  Using cached numpy-2.0.2-cp311-cp311-manylinux_2_17_x86_64.manylinux2014_x86_64.whl.metadata (60 kB)
Collecting h5py>=3.11.0 (from tensorflow[and-cuda])
  Using cached h5py-3.12.1-cp311-cp311-manylinux_2_17_x86_64.manylinux2014_x86_64.whl.metadata (2.5 kB)
Collecting ml-dtypes<0.5.0,>=0.4.0 (from tensorflow[and-cuda])
  Using cached ml_dtypes-0.4.1-cp311-cp311-manylinux_2_17_x86_64.manylinux2014_x86_64.whl.metadata (20 kB)
Collecting tensorflow-io-gcs-filesystem>=0.23.1 (from tensorflow[and-cuda])
  Using cached tensorflow_io_gcs_filesystem-0.37.1-cp311-cp311-manylinux_2_17_x86_64.manylinux2014_x86_64.whl.metadata (14 kB)
Collecting nvidia-cublas-cu12==12.5.3.2 (from tensorflow[and-cuda])
  Using cached nvidia_cublas_cu12-12.5.3.2-py3-none-manylinux2014_x86_64.whl.metadata (1.5 kB)
Collecting nvidia-cuda-cupti-cu12==12.5.82 (from tensorflow[and-cuda])
  Using cached nvidia_cuda_cupti_cu12-12.5.82-py3-none-manylinux2014_x86_64.whl.metadata (1.6 kB)
Collecting nvidia-cuda-nvcc-cu12==12.5.82 (from tensorflow[and-cuda])
  Using cached nvidia_cuda_nvcc_cu12-12.5.82-py3-none-manylinux2014_x86_64.whl.metadata (1.5 kB)
Collecting nvidia-cuda-nvrtc-cu12==12.5.82 (from tensorflow[and-cuda])
  Using cached nvidia_cuda_nvrtc_cu12-12.5.82-py3-none-manylinux2014_x86_64.whl.metadata (1.5 kB)
Collecting nvidia-cuda-runtime-cu12==12.5.82 (from tensorflow[and-cuda])
  Using cached nvidia_cuda_runtime_cu12-12.5.82-py3-none-manylinux2014_x86_64.whl.metadata (1.5 kB)
Collecting nvidia-cudnn-cu12==9.3.0.75 (from tensorflow[and-cuda])
  Using cached nvidia_cudnn_cu12-9.3.0.75-py3-none-manylinux2014_x86_64.whl.metadata (1.6 kB)
Collecting nvidia-cufft-cu12==11.2.3.61 (from tensorflow[and-cuda])
  Using cached nvidia_cufft_cu12-11.2.3.61-py3-none-manylinux2014_x86_64.whl.metadata (1.5 kB)
Collecting nvidia-curand-cu12==10.3.6.82 (from tensorflow[and-cuda])
  Using cached nvidia_curand_cu12-10.3.6.82-py3-none-manylinux2014_x86_64.whl.metadata (1.5 kB)
Collecting nvidia-cusolver-cu12==11.6.3.83 (from tensorflow[and-cuda])
  Using cached nvidia_cusolver_cu12-11.6.3.83-py3-none-manylinux2014_x86_64.whl.metadata (1.6 kB)
Collecting nvidia-cusparse-cu12==12.5.1.3 (from tensorflow[and-cuda])
  Using cached nvidia_cusparse_cu12-12.5.1.3-py3-none-manylinux2014_x86_64.whl.metadata (1.6 kB)
Collecting nvidia-nccl-cu12==2.21.5 (from tensorflow[and-cuda])
  Using cached nvidia_nccl_cu12-2.21.5-py3-none-manylinux2014_x86_64.whl.metadata (1.8 kB)
Collecting nvidia-nvjitlink-cu12==12.5.82 (from tensorflow[and-cuda])
  Using cached nvidia_nvjitlink_cu12-12.5.82-py3-none-manylinux2014_x86_64.whl.metadata (1.5 kB)
Requirement already satisfied: wheel<1.0,>=0.23.0 in /opt/conda/lib/python3.11/site-packages (from astunparse>=1.6.0->tensorflow[and-cuda]) (0.41.2)
Collecting rich (from keras>=3.5.0->tensorflow[and-cuda])
  Using cached rich-13.9.4-py3-none-any.whl.metadata (18 kB)
Collecting namex (from keras>=3.5.0->tensorflow[and-cuda])
  Using cached namex-0.0.8-py3-none-any.whl.metadata (246 bytes)
Collecting optree (from keras>=3.5.0->tensorflow[and-cuda])
  Using cached optree-0.13.1-cp311-cp311-manylinux_2_17_x86_64.manylinux2014_x86_64.whl.metadata (47 kB)
Requirement already satisfied: charset-normalizer<4,>=2 in /opt/conda/lib/python3.11/site-packages (from requests<3,>=2.21.0->tensorflow[and-cuda]) (3.3.0)
Requirement already satisfied: idna<4,>=2.5 in /opt/conda/lib/python3.11/site-packages (from requests<3,>=2.21.0->tensorflow[and-cuda]) (3.4)
Requirement already satisfied: urllib3<3,>=1.21.1 in /opt/conda/lib/python3.11/site-packages (from requests<3,>=2.21.0->tensorflow[and-cuda]) (2.0.7)
Requirement already satisfied: certifi>=2017.4.17 in /opt/conda/lib/python3.11/site-packages (from requests<3,>=2.21.0->tensorflow[and-cuda]) (2023.7.22)
Collecting markdown>=2.6.8 (from tensorboard<2.19,>=2.18->tensorflow[and-cuda])
  Using cached Markdown-3.7-py3-none-any.whl.metadata (7.0 kB)
Collecting tensorboard-data-server<0.8.0,>=0.7.0 (from tensorboard<2.19,>=2.18->tensorflow[and-cuda])
  Using cached tensorboard_data_server-0.7.2-py3-none-manylinux_2_31_x86_64.whl.metadata (1.1 kB)
Collecting werkzeug>=1.0.1 (from tensorboard<2.19,>=2.18->tensorflow[and-cuda])
  Using cached werkzeug-3.1.3-py3-none-any.whl.metadata (3.7 kB)
Requirement already satisfied: MarkupSafe>=2.1.1 in /opt/conda/lib/python3.11/site-packages (from werkzeug>=1.0.1->tensorboard<2.19,>=2.18->tensorflow[and-cuda]) (2.1.3)
Collecting markdown-it-py>=2.2.0 (from rich->keras>=3.5.0->tensorflow[and-cuda])
  Using cached markdown_it_py-3.0.0-py3-none-any.whl.metadata (6.9 kB)
Requirement already satisfied: pygments<3.0.0,>=2.13.0 in /opt/conda/lib/python3.11/site-packages (from rich->keras>=3.5.0->tensorflow[and-cuda]) (2.16.1)
Collecting mdurl~=0.1 (from markdown-it-py>=2.2.0->rich->keras>=3.5.0->tensorflow[and-cuda])
  Using cached mdurl-0.1.2-py3-none-any.whl.metadata (1.6 kB)
Using cached nvidia_cublas_cu12-12.5.3.2-py3-none-manylinux2014_x86_64.whl (363.3 MB)
Using cached nvidia_cuda_cupti_cu12-12.5.82-py3-none-manylinux2014_x86_64.whl (13.8 MB)
Using cached nvidia_cuda_nvcc_cu12-12.5.82-py3-none-manylinux2014_x86_64.whl (22.5 MB)
Using cached nvidia_cuda_nvrtc_cu12-12.5.82-py3-none-manylinux2014_x86_64.whl (24.9 MB)
Using cached nvidia_cuda_runtime_cu12-12.5.82-py3-none-manylinux2014_x86_64.whl (895 kB)
Using cached nvidia_cudnn_cu12-9.3.0.75-py3-none-manylinux2014_x86_64.whl (577.2 MB)
Using cached nvidia_cufft_cu12-11.2.3.61-py3-none-manylinux2014_x86_64.whl (192.5 MB)
Using cached nvidia_curand_cu12-10.3.6.82-py3-none-manylinux2014_x86_64.whl (56.3 MB)
Using cached nvidia_cusolver_cu12-11.6.3.83-py3-none-manylinux2014_x86_64.whl (130.3 MB)
Using cached nvidia_cusparse_cu12-12.5.1.3-py3-none-manylinux2014_x86_64.whl (217.6 MB)
Using cached nvidia_nccl_cu12-2.21.5-py3-none-manylinux2014_x86_64.whl (188.7 MB)
Using cached nvidia_nvjitlink_cu12-12.5.82-py3-none-manylinux2014_x86_64.whl (21.3 MB)
Using cached absl_py-2.1.0-py3-none-any.whl (133 kB)
Using cached astunparse-1.6.3-py2.py3-none-any.whl (12 kB)
Using cached flatbuffers-24.3.25-py2.py3-none-any.whl (26 kB)
Using cached gast-0.6.0-py3-none-any.whl (21 kB)
Using cached google_pasta-0.2.0-py3-none-any.whl (57 kB)
Using cached grpcio-1.68.0-cp311-cp311-manylinux_2_17_x86_64.manylinux2014_x86_64.whl (5.9 MB)
Using cached h5py-3.12.1-cp311-cp311-manylinux_2_17_x86_64.manylinux2014_x86_64.whl (5.5 MB)
Using cached keras-3.6.0-py3-none-any.whl (1.2 MB)
Using cached libclang-18.1.1-py2.py3-none-manylinux2010_x86_64.whl (24.5 MB)
Using cached ml_dtypes-0.4.1-cp311-cp311-manylinux_2_17_x86_64.manylinux2014_x86_64.whl (2.2 MB)
Using cached numpy-2.0.2-cp311-cp311-manylinux_2_17_x86_64.manylinux2014_x86_64.whl (19.5 MB)
Using cached opt_einsum-3.4.0-py3-none-any.whl (71 kB)
Using cached tensorboard-2.18.0-py3-none-any.whl (5.5 MB)
Using cached tensorflow_io_gcs_filesystem-0.37.1-cp311-cp311-manylinux_2_17_x86_64.manylinux2014_x86_64.whl (5.1 MB)
Using cached termcolor-2.5.0-py3-none-any.whl (7.8 kB)
Using cached wrapt-1.16.0-cp311-cp311-manylinux_2_5_x86_64.manylinux1_x86_64.manylinux_2_17_x86_64.manylinux2014_x86_64.whl (80 kB)
Using cached tensorflow-2.18.0-cp311-cp311-manylinux_2_17_x86_64.manylinux2014_x86_64.whl (615.4 MB)
Using cached Markdown-3.7-py3-none-any.whl (106 kB)
Using cached tensorboard_data_server-0.7.2-py3-none-manylinux_2_31_x86_64.whl (6.6 MB)
Using cached werkzeug-3.1.3-py3-none-any.whl (224 kB)
Using cached namex-0.0.8-py3-none-any.whl (5.8 kB)
Using cached optree-0.13.1-cp311-cp311-manylinux_2_17_x86_64.manylinux2014_x86_64.whl (391 kB)
Using cached rich-13.9.4-py3-none-any.whl (242 kB)
Using cached markdown_it_py-3.0.0-py3-none-any.whl (87 kB)
Using cached mdurl-0.1.2-py3-none-any.whl (10.0 kB)
Installing collected packages: namex, libclang, flatbuffers, wrapt, werkzeug, termcolor, tensorflow-io-gcs-filesystem, tensorboard-data-server, optree, opt-einsum, nvidia-nvjitlink-cu12, nvidia-nccl-cu12, nvidia-curand-cu12, nvidia-cuda-runtime-cu12, nvidia-cuda-nvrtc-cu12, nvidia-cuda-nvcc-cu12, nvidia-cuda-cupti-cu12, nvidia-cublas-cu12, numpy, mdurl, markdown, grpcio, google-pasta, gast, astunparse, absl-py, tensorboard, nvidia-cusparse-cu12, nvidia-cufft-cu12, nvidia-cudnn-cu12, ml-dtypes, markdown-it-py, h5py, rich, nvidia-cusolver-cu12, keras, tensorflow
  Attempting uninstall: numpy
    Found existing installation: numpy 1.24.4
    Uninstalling numpy-1.24.4:
      Successfully uninstalled numpy-1.24.4
  Attempting uninstall: h5py
    Found existing installation: h5py 3.10.0
    Uninstalling h5py-3.10.0:
      Successfully uninstalled h5py-3.10.0
ERROR: pip's dependency resolver does not currently take into account all the packages that are installed. This behaviour is the source of the following dependency conflicts.
scikit-learn 1.3.1 requires numpy<2.0,>=1.17.3, but you have numpy 2.0.2 which is incompatible.
contourpy 1.1.1 requires numpy<2.0,>=1.16; python_version <= "3.11", but you have numpy 2.0.2 which is incompatible.
numba 0.57.1 requires numpy<1.25,>=1.21, but you have numpy 2.0.2 which is incompatible.
scipy 1.11.3 requires numpy<1.28.0,>=1.21.6, but you have numpy 2.0.2 which is incompatible.
matplotlib 3.8.0 requires numpy<2,>=1.21, but you have numpy 2.0.2 which is incompatible.
Successfully installed absl-py-2.1.0 astunparse-1.6.3 flatbuffers-24.3.25 gast-0.6.0 google-pasta-0.2.0 grpcio-1.68.0 h5py-3.12.1 keras-3.6.0 libclang-18.1.1 markdown-3.7 markdown-it-py-3.0.0 mdurl-0.1.2 ml-dtypes-0.4.1 namex-0.0.8 numpy-2.0.2 nvidia-cublas-cu12-12.5.3.2 nvidia-cuda-cupti-cu12-12.5.82 nvidia-cuda-nvcc-cu12-12.5.82 nvidia-cuda-nvrtc-cu12-12.5.82 nvidia-cuda-runtime-cu12-12.5.82 nvidia-cudnn-cu12-9.3.0.75 nvidia-cufft-cu12-11.2.3.61 nvidia-curand-cu12-10.3.6.82 nvidia-cusolver-cu12-11.6.3.83 nvidia-cusparse-cu12-12.5.1.3 nvidia-nccl-cu12-2.21.5 nvidia-nvjitlink-cu12-12.5.82 opt-einsum-3.4.0 optree-0.13.1 rich-13.9.4 tensorboard-2.18.0 tensorboard-data-server-0.7.2 tensorflow-2.18.0 tensorflow-io-gcs-filesystem-0.37.1 termcolor-2.5.0 werkzeug-3.1.3 wrapt-1.16.0
WARNING: Running pip as the 'root' user can result in broken permissions and conflicting behaviour with the system package manager, possibly rendering your system unusable.It is recommended to use a virtual environment instead: https://pip.pypa.io/warnings/venv. Use the --root-user-action option if you know what you are doing and want to suppress this warning.
+ python3 -m pip install --cache-dir /tmp/pip-cache transformers[torch]
Collecting transformers[torch]
  Using cached transformers-4.46.3-py3-none-any.whl.metadata (44 kB)
Collecting filelock (from transformers[torch])
  Using cached filelock-3.16.1-py3-none-any.whl.metadata (2.9 kB)
Collecting huggingface-hub<1.0,>=0.23.2 (from transformers[torch])
  Using cached huggingface_hub-0.26.2-py3-none-any.whl.metadata (13 kB)
Requirement already satisfied: numpy>=1.17 in /opt/conda/lib/python3.11/site-packages (from transformers[torch]) (2.0.2)
Requirement already satisfied: packaging>=20.0 in /opt/conda/lib/python3.11/site-packages (from transformers[torch]) (23.2)
Requirement already satisfied: pyyaml>=5.1 in /opt/conda/lib/python3.11/site-packages (from transformers[torch]) (6.0.1)
Collecting regex!=2019.12.17 (from transformers[torch])
  Using cached regex-2024.11.6-cp311-cp311-manylinux_2_17_x86_64.manylinux2014_x86_64.whl.metadata (40 kB)
Requirement already satisfied: requests in /opt/conda/lib/python3.11/site-packages (from transformers[torch]) (2.31.0)
Collecting tokenizers<0.21,>=0.20 (from transformers[torch])
  Using cached tokenizers-0.20.3-cp311-cp311-manylinux_2_17_x86_64.manylinux2014_x86_64.whl.metadata (6.7 kB)
Collecting safetensors>=0.4.1 (from transformers[torch])
  Using cached safetensors-0.4.5-cp311-cp311-manylinux_2_17_x86_64.manylinux2014_x86_64.whl.metadata (3.8 kB)
Requirement already satisfied: tqdm>=4.27 in /opt/conda/lib/python3.11/site-packages (from transformers[torch]) (4.66.1)
Collecting torch (from transformers[torch])
  Using cached torch-2.5.1-cp311-cp311-manylinux1_x86_64.whl.metadata (28 kB)
Collecting accelerate>=0.26.0 (from transformers[torch])
  Using cached accelerate-1.1.1-py3-none-any.whl.metadata (19 kB)
Requirement already satisfied: psutil in /opt/conda/lib/python3.11/site-packages (from accelerate>=0.26.0->transformers[torch]) (5.9.5)
Requirement already satisfied: fsspec>=2023.5.0 in /opt/conda/lib/python3.11/site-packages (from huggingface-hub<1.0,>=0.23.2->transformers[torch]) (2023.9.2)
Requirement already satisfied: typing-extensions>=3.7.4.3 in /opt/conda/lib/python3.11/site-packages (from huggingface-hub<1.0,>=0.23.2->transformers[torch]) (4.8.0)
Requirement already satisfied: networkx in /opt/conda/lib/python3.11/site-packages (from torch->transformers[torch]) (3.2)
Requirement already satisfied: jinja2 in /opt/conda/lib/python3.11/site-packages (from torch->transformers[torch]) (3.1.2)
Collecting nvidia-cuda-nvrtc-cu12==12.4.127 (from torch->transformers[torch])
  Using cached nvidia_cuda_nvrtc_cu12-12.4.127-py3-none-manylinux2014_x86_64.whl.metadata (1.5 kB)
Collecting nvidia-cuda-runtime-cu12==12.4.127 (from torch->transformers[torch])
  Using cached nvidia_cuda_runtime_cu12-12.4.127-py3-none-manylinux2014_x86_64.whl.metadata (1.5 kB)
Collecting nvidia-cuda-cupti-cu12==12.4.127 (from torch->transformers[torch])
  Using cached nvidia_cuda_cupti_cu12-12.4.127-py3-none-manylinux2014_x86_64.whl.metadata (1.6 kB)
Collecting nvidia-cudnn-cu12==9.1.0.70 (from torch->transformers[torch])
  Using cached nvidia_cudnn_cu12-9.1.0.70-py3-none-manylinux2014_x86_64.whl.metadata (1.6 kB)
Collecting nvidia-cublas-cu12==12.4.5.8 (from torch->transformers[torch])
  Using cached nvidia_cublas_cu12-12.4.5.8-py3-none-manylinux2014_x86_64.whl.metadata (1.5 kB)
Collecting nvidia-cufft-cu12==11.2.1.3 (from torch->transformers[torch])
  Using cached nvidia_cufft_cu12-11.2.1.3-py3-none-manylinux2014_x86_64.whl.metadata (1.5 kB)
Collecting nvidia-curand-cu12==10.3.5.147 (from torch->transformers[torch])
  Using cached nvidia_curand_cu12-10.3.5.147-py3-none-manylinux2014_x86_64.whl.metadata (1.5 kB)
Collecting nvidia-cusolver-cu12==11.6.1.9 (from torch->transformers[torch])
  Using cached nvidia_cusolver_cu12-11.6.1.9-py3-none-manylinux2014_x86_64.whl.metadata (1.6 kB)
Collecting nvidia-cusparse-cu12==12.3.1.170 (from torch->transformers[torch])
  Using cached nvidia_cusparse_cu12-12.3.1.170-py3-none-manylinux2014_x86_64.whl.metadata (1.6 kB)
Requirement already satisfied: nvidia-nccl-cu12==2.21.5 in /opt/conda/lib/python3.11/site-packages (from torch->transformers[torch]) (2.21.5)
Collecting nvidia-nvtx-cu12==12.4.127 (from torch->transformers[torch])
  Using cached nvidia_nvtx_cu12-12.4.127-py3-none-manylinux2014_x86_64.whl.metadata (1.7 kB)
Collecting nvidia-nvjitlink-cu12==12.4.127 (from torch->transformers[torch])
  Using cached nvidia_nvjitlink_cu12-12.4.127-py3-none-manylinux2014_x86_64.whl.metadata (1.5 kB)
Collecting triton==3.1.0 (from torch->transformers[torch])
  Using cached triton-3.1.0-cp311-cp311-manylinux_2_17_x86_64.manylinux2014_x86_64.whl.metadata (1.3 kB)
Collecting sympy==1.13.1 (from torch->transformers[torch])
  Using cached sympy-1.13.1-py3-none-any.whl.metadata (12 kB)
Requirement already satisfied: mpmath<1.4,>=1.1.0 in /opt/conda/lib/python3.11/site-packages (from sympy==1.13.1->torch->transformers[torch]) (1.3.0)
Requirement already satisfied: charset-normalizer<4,>=2 in /opt/conda/lib/python3.11/site-packages (from requests->transformers[torch]) (3.3.0)
Requirement already satisfied: idna<4,>=2.5 in /opt/conda/lib/python3.11/site-packages (from requests->transformers[torch]) (3.4)
Requirement already satisfied: urllib3<3,>=1.21.1 in /opt/conda/lib/python3.11/site-packages (from requests->transformers[torch]) (2.0.7)
Requirement already satisfied: certifi>=2017.4.17 in /opt/conda/lib/python3.11/site-packages (from requests->transformers[torch]) (2023.7.22)
Requirement already satisfied: MarkupSafe>=2.0 in /opt/conda/lib/python3.11/site-packages (from jinja2->torch->transformers[torch]) (2.1.3)
Using cached accelerate-1.1.1-py3-none-any.whl (333 kB)
Using cached huggingface_hub-0.26.2-py3-none-any.whl (447 kB)
Using cached regex-2024.11.6-cp311-cp311-manylinux_2_17_x86_64.manylinux2014_x86_64.whl (792 kB)
Using cached safetensors-0.4.5-cp311-cp311-manylinux_2_17_x86_64.manylinux2014_x86_64.whl (435 kB)
Using cached tokenizers-0.20.3-cp311-cp311-manylinux_2_17_x86_64.manylinux2014_x86_64.whl (3.0 MB)
Using cached torch-2.5.1-cp311-cp311-manylinux1_x86_64.whl (906.5 MB)
Using cached nvidia_cublas_cu12-12.4.5.8-py3-none-manylinux2014_x86_64.whl (363.4 MB)
Using cached nvidia_cuda_cupti_cu12-12.4.127-py3-none-manylinux2014_x86_64.whl (13.8 MB)
Using cached nvidia_cuda_nvrtc_cu12-12.4.127-py3-none-manylinux2014_x86_64.whl (24.6 MB)
Using cached nvidia_cuda_runtime_cu12-12.4.127-py3-none-manylinux2014_x86_64.whl (883 kB)
Using cached nvidia_cudnn_cu12-9.1.0.70-py3-none-manylinux2014_x86_64.whl (664.8 MB)
Using cached nvidia_cufft_cu12-11.2.1.3-py3-none-manylinux2014_x86_64.whl (211.5 MB)
Using cached nvidia_curand_cu12-10.3.5.147-py3-none-manylinux2014_x86_64.whl (56.3 MB)
Using cached nvidia_cusolver_cu12-11.6.1.9-py3-none-manylinux2014_x86_64.whl (127.9 MB)
Using cached nvidia_cusparse_cu12-12.3.1.170-py3-none-manylinux2014_x86_64.whl (207.5 MB)
Using cached nvidia_nvjitlink_cu12-12.4.127-py3-none-manylinux2014_x86_64.whl (21.1 MB)
Using cached nvidia_nvtx_cu12-12.4.127-py3-none-manylinux2014_x86_64.whl (99 kB)
Using cached sympy-1.13.1-py3-none-any.whl (6.2 MB)
Using cached triton-3.1.0-cp311-cp311-manylinux_2_17_x86_64.manylinux2014_x86_64.whl (209.5 MB)
Using cached filelock-3.16.1-py3-none-any.whl (16 kB)
Using cached transformers-4.46.3-py3-none-any.whl (10.0 MB)
Installing collected packages: sympy, safetensors, regex, nvidia-nvtx-cu12, nvidia-nvjitlink-cu12, nvidia-curand-cu12, nvidia-cufft-cu12, nvidia-cuda-runtime-cu12, nvidia-cuda-nvrtc-cu12, nvidia-cuda-cupti-cu12, nvidia-cublas-cu12, filelock, triton, nvidia-cusparse-cu12, nvidia-cudnn-cu12, huggingface-hub, tokenizers, nvidia-cusolver-cu12, transformers, torch, accelerate
  Attempting uninstall: sympy
    Found existing installation: sympy 1.12
    Uninstalling sympy-1.12:
      Successfully uninstalled sympy-1.12
  Attempting uninstall: nvidia-nvjitlink-cu12
    Found existing installation: nvidia-nvjitlink-cu12 12.5.82
    Uninstalling nvidia-nvjitlink-cu12-12.5.82:
      Successfully uninstalled nvidia-nvjitlink-cu12-12.5.82
  Attempting uninstall: nvidia-curand-cu12
    Found existing installation: nvidia-curand-cu12 10.3.6.82
    Uninstalling nvidia-curand-cu12-10.3.6.82:
      Successfully uninstalled nvidia-curand-cu12-10.3.6.82
  Attempting uninstall: nvidia-cufft-cu12
    Found existing installation: nvidia-cufft-cu12 11.2.3.61
    Uninstalling nvidia-cufft-cu12-11.2.3.61:
      Successfully uninstalled nvidia-cufft-cu12-11.2.3.61
  Attempting uninstall: nvidia-cuda-runtime-cu12
    Found existing installation: nvidia-cuda-runtime-cu12 12.5.82
    Uninstalling nvidia-cuda-runtime-cu12-12.5.82:
      Successfully uninstalled nvidia-cuda-runtime-cu12-12.5.82
  Attempting uninstall: nvidia-cuda-nvrtc-cu12
    Found existing installation: nvidia-cuda-nvrtc-cu12 12.5.82
    Uninstalling nvidia-cuda-nvrtc-cu12-12.5.82:
      Successfully uninstalled nvidia-cuda-nvrtc-cu12-12.5.82
  Attempting uninstall: nvidia-cuda-cupti-cu12
    Found existing installation: nvidia-cuda-cupti-cu12 12.5.82
    Uninstalling nvidia-cuda-cupti-cu12-12.5.82:
      Successfully uninstalled nvidia-cuda-cupti-cu12-12.5.82
  Attempting uninstall: nvidia-cublas-cu12
    Found existing installation: nvidia-cublas-cu12 12.5.3.2
    Uninstalling nvidia-cublas-cu12-12.5.3.2:
      Successfully uninstalled nvidia-cublas-cu12-12.5.3.2
  Attempting uninstall: nvidia-cusparse-cu12
    Found existing installation: nvidia-cusparse-cu12 12.5.1.3
    Uninstalling nvidia-cusparse-cu12-12.5.1.3:
      Successfully uninstalled nvidia-cusparse-cu12-12.5.1.3
  Attempting uninstall: nvidia-cudnn-cu12
    Found existing installation: nvidia-cudnn-cu12 9.3.0.75
    Uninstalling nvidia-cudnn-cu12-9.3.0.75:
      Successfully uninstalled nvidia-cudnn-cu12-9.3.0.75
  Attempting uninstall: nvidia-cusolver-cu12
    Found existing installation: nvidia-cusolver-cu12 11.6.3.83
    Uninstalling nvidia-cusolver-cu12-11.6.3.83:
      Successfully uninstalled nvidia-cusolver-cu12-11.6.3.83
Successfully installed accelerate-1.1.1 filelock-3.16.1 huggingface-hub-0.26.2 nvidia-cublas-cu12-12.4.5.8 nvidia-cuda-cupti-cu12-12.4.127 nvidia-cuda-nvrtc-cu12-12.4.127 nvidia-cuda-runtime-cu12-12.4.127 nvidia-cudnn-cu12-9.1.0.70 nvidia-cufft-cu12-11.2.1.3 nvidia-curand-cu12-10.3.5.147 nvidia-cusolver-cu12-11.6.1.9 nvidia-cusparse-cu12-12.3.1.170 nvidia-nvjitlink-cu12-12.4.127 nvidia-nvtx-cu12-12.4.127 regex-2024.11.6 safetensors-0.4.5 sympy-1.13.1 tokenizers-0.20.3 torch-2.5.1 transformers-4.46.3 triton-3.1.0
WARNING: Running pip as the 'root' user can result in broken permissions and conflicting behaviour with the system package manager, possibly rendering your system unusable.It is recommended to use a virtual environment instead: https://pip.pypa.io/warnings/venv. Use the --root-user-action option if you know what you are doing and want to suppress this warning.
+ python3 -m pip install --cache-dir /tmp/pip-cache sentencepiece lxml
Collecting sentencepiece
  Using cached sentencepiece-0.2.0-cp311-cp311-manylinux_2_17_x86_64.manylinux2014_x86_64.whl.metadata (7.7 kB)
Collecting lxml
  Using cached lxml-5.3.0-cp311-cp311-manylinux_2_28_x86_64.whl.metadata (3.8 kB)
Using cached sentencepiece-0.2.0-cp311-cp311-manylinux_2_17_x86_64.manylinux2014_x86_64.whl (1.3 MB)
Using cached lxml-5.3.0-cp311-cp311-manylinux_2_28_x86_64.whl (5.0 MB)
Installing collected packages: sentencepiece, lxml
Successfully installed lxml-5.3.0 sentencepiece-0.2.0
WARNING: Running pip as the 'root' user can result in broken permissions and conflicting behaviour with the system package manager, possibly rendering your system unusable.It is recommended to use a virtual environment instead: https://pip.pypa.io/warnings/venv. Use the --root-user-action option if you know what you are doing and want to suppress this warning.
+ python3 -m pip install --cache-dir /tmp/pip-cache nltk spacy[cuda12x]
Collecting nltk
  Using cached nltk-3.9.1-py3-none-any.whl.metadata (2.9 kB)
Collecting spacy[cuda12x]
  Using cached spacy-3.8.2-cp311-cp311-manylinux_2_17_x86_64.manylinux2014_x86_64.whl.metadata (27 kB)
Requirement already satisfied: click in /opt/conda/lib/python3.11/site-packages (from nltk) (8.1.7)
Requirement already satisfied: joblib in /opt/conda/lib/python3.11/site-packages (from nltk) (1.3.2)
Requirement already satisfied: regex>=2021.8.3 in /opt/conda/lib/python3.11/site-packages (from nltk) (2024.11.6)
Requirement already satisfied: tqdm in /opt/conda/lib/python3.11/site-packages (from nltk) (4.66.1)
Collecting spacy-legacy<3.1.0,>=3.0.11 (from spacy[cuda12x])
  Using cached spacy_legacy-3.0.12-py2.py3-none-any.whl.metadata (2.8 kB)
Collecting spacy-loggers<2.0.0,>=1.0.0 (from spacy[cuda12x])
  Using cached spacy_loggers-1.0.5-py3-none-any.whl.metadata (23 kB)
Collecting murmurhash<1.1.0,>=0.28.0 (from spacy[cuda12x])
  Using cached murmurhash-1.0.10-cp311-cp311-manylinux_2_5_x86_64.manylinux1_x86_64.manylinux_2_17_x86_64.manylinux2014_x86_64.whl.metadata (2.0 kB)
Collecting cymem<2.1.0,>=2.0.2 (from spacy[cuda12x])
  Using cached cymem-2.0.8-cp311-cp311-manylinux_2_17_x86_64.manylinux2014_x86_64.whl.metadata (8.4 kB)
Collecting preshed<3.1.0,>=3.0.2 (from spacy[cuda12x])
  Using cached preshed-3.0.9-cp311-cp311-manylinux_2_5_x86_64.manylinux1_x86_64.manylinux_2_17_x86_64.manylinux2014_x86_64.whl.metadata (2.2 kB)
Collecting thinc<8.4.0,>=8.3.0 (from spacy[cuda12x])
  Using cached thinc-8.3.2-cp311-cp311-manylinux_2_17_x86_64.manylinux2014_x86_64.whl.metadata (15 kB)
Collecting wasabi<1.2.0,>=0.9.1 (from spacy[cuda12x])
  Using cached wasabi-1.1.3-py3-none-any.whl.metadata (28 kB)
Collecting srsly<3.0.0,>=2.4.3 (from spacy[cuda12x])
  Using cached srsly-2.4.8-cp311-cp311-manylinux_2_17_x86_64.manylinux2014_x86_64.whl.metadata (20 kB)
Collecting catalogue<2.1.0,>=2.0.6 (from spacy[cuda12x])
  Using cached catalogue-2.0.10-py3-none-any.whl.metadata (14 kB)
Collecting weasel<0.5.0,>=0.1.0 (from spacy[cuda12x])
  Using cached weasel-0.4.1-py3-none-any.whl.metadata (4.6 kB)
Collecting typer<1.0.0,>=0.3.0 (from spacy[cuda12x])
  Using cached typer-0.13.1-py3-none-any.whl.metadata (15 kB)
Requirement already satisfied: requests<3.0.0,>=2.13.0 in /opt/conda/lib/python3.11/site-packages (from spacy[cuda12x]) (2.31.0)
Collecting pydantic!=1.8,!=1.8.1,<3.0.0,>=1.7.4 (from spacy[cuda12x])
  Using cached pydantic-2.10.0-py3-none-any.whl.metadata (167 kB)
Requirement already satisfied: jinja2 in /opt/conda/lib/python3.11/site-packages (from spacy[cuda12x]) (3.1.2)
Requirement already satisfied: setuptools in /opt/conda/lib/python3.11/site-packages (from spacy[cuda12x]) (75.6.0)
Requirement already satisfied: packaging>=20.0 in /opt/conda/lib/python3.11/site-packages (from spacy[cuda12x]) (23.2)
Collecting langcodes<4.0.0,>=3.2.0 (from spacy[cuda12x])
  Using cached langcodes-3.5.0-py3-none-any.whl.metadata (29 kB)
Requirement already satisfied: numpy>=1.19.0 in /opt/conda/lib/python3.11/site-packages (from spacy[cuda12x]) (2.0.2)
Collecting cupy-cuda12x<13.0.0,>=11.5.0 (from spacy[cuda12x])
  Downloading cupy_cuda12x-12.3.0-cp311-cp311-manylinux2014_x86_64.whl.metadata (2.7 kB)
Collecting numpy>=1.19.0 (from spacy[cuda12x])
  Downloading numpy-1.26.4-cp311-cp311-manylinux_2_17_x86_64.manylinux2014_x86_64.whl.metadata (61 kB)
Collecting fastrlock>=0.5 (from cupy-cuda12x<13.0.0,>=11.5.0->spacy[cuda12x])
  Downloading fastrlock-0.8.2-cp311-cp311-manylinux_2_5_x86_64.manylinux1_x86_64.manylinux_2_28_x86_64.whl.metadata (9.3 kB)
Collecting language-data>=1.2 (from langcodes<4.0.0,>=3.2.0->spacy[cuda12x])
  Downloading language_data-1.3.0-py3-none-any.whl.metadata (4.3 kB)
Collecting annotated-types>=0.6.0 (from pydantic!=1.8,!=1.8.1,<3.0.0,>=1.7.4->spacy[cuda12x])
  Downloading annotated_types-0.7.0-py3-none-any.whl.metadata (15 kB)
Collecting pydantic-core==2.27.0 (from pydantic!=1.8,!=1.8.1,<3.0.0,>=1.7.4->spacy[cuda12x])
  Downloading pydantic_core-2.27.0-cp311-cp311-manylinux_2_17_x86_64.manylinux2014_x86_64.whl.metadata (6.6 kB)
Collecting typing-extensions>=4.12.2 (from pydantic!=1.8,!=1.8.1,<3.0.0,>=1.7.4->spacy[cuda12x])
  Downloading typing_extensions-4.12.2-py3-none-any.whl.metadata (3.0 kB)
Requirement already satisfied: charset-normalizer<4,>=2 in /opt/conda/lib/python3.11/site-packages (from requests<3.0.0,>=2.13.0->spacy[cuda12x]) (3.3.0)
Requirement already satisfied: idna<4,>=2.5 in /opt/conda/lib/python3.11/site-packages (from requests<3.0.0,>=2.13.0->spacy[cuda12x]) (3.4)
Requirement already satisfied: urllib3<3,>=1.21.1 in /opt/conda/lib/python3.11/site-packages (from requests<3.0.0,>=2.13.0->spacy[cuda12x]) (2.0.7)
Requirement already satisfied: certifi>=2017.4.17 in /opt/conda/lib/python3.11/site-packages (from requests<3.0.0,>=2.13.0->spacy[cuda12x]) (2023.7.22)
Collecting blis<1.1.0,>=1.0.0 (from thinc<8.4.0,>=8.3.0->spacy[cuda12x])
  Downloading blis-1.0.1-cp311-cp311-manylinux_2_17_x86_64.manylinux2014_x86_64.whl.metadata (7.6 kB)
Collecting confection<1.0.0,>=0.0.1 (from thinc<8.4.0,>=8.3.0->spacy[cuda12x])
  Downloading confection-0.1.5-py3-none-any.whl.metadata (19 kB)
INFO: pip is looking at multiple versions of thinc to determine which version is compatible with other requirements. This could take a while.
Collecting thinc<8.4.0,>=8.3.0 (from spacy[cuda12x])
  Downloading thinc-8.3.1-cp311-cp311-manylinux_2_17_x86_64.manylinux2014_x86_64.whl.metadata (15 kB)
  Downloading thinc-8.3.0-cp311-cp311-manylinux_2_17_x86_64.manylinux2014_x86_64.whl.metadata (15 kB)
Collecting cupy-cuda12x<13.0.0,>=11.5.0 (from spacy[cuda12x])
  Downloading cupy_cuda12x-12.2.0-cp311-cp311-manylinux2014_x86_64.whl.metadata (2.6 kB)
  Downloading cupy_cuda12x-12.1.0-cp311-cp311-manylinux2014_x86_64.whl.metadata (2.6 kB)
INFO: pip is still looking at multiple versions of thinc to determine which version is compatible with other requirements. This could take a while.
  Downloading cupy_cuda12x-12.0.0-cp311-cp311-manylinux2014_x86_64.whl.metadata (2.6 kB)
  Downloading cupy_cuda12x-11.6.0-cp311-cp311-manylinux1_x86_64.whl.metadata (2.7 kB)
INFO: This is taking longer than usual. You might need to provide the dependency resolver with stricter constraints to reduce runtime. See https://pip.pypa.io/warnings/backtracking for guidance. If you want to abort this run, press Ctrl + C.
  Downloading cupy_cuda12x-11.5.0-cp311-cp311-manylinux1_x86_64.whl.metadata (2.7 kB)
Collecting numpy>=1.19.0 (from spacy[cuda12x])
  Downloading numpy-1.25.2-cp311-cp311-manylinux_2_17_x86_64.manylinux2014_x86_64.whl.metadata (5.6 kB)
Collecting spacy[cuda12x]
  Downloading spacy-3.7.5-cp311-cp311-manylinux_2_17_x86_64.manylinux2014_x86_64.whl.metadata (27 kB)
Collecting thinc<8.3.0,>=8.2.2 (from spacy[cuda12x])
  Downloading thinc-8.2.5-cp311-cp311-manylinux_2_17_x86_64.manylinux2014_x86_64.whl.metadata (15 kB)
Collecting blis<0.8.0,>=0.7.8 (from thinc<8.3.0,>=8.2.2->spacy[cuda12x])
  Downloading blis-0.7.11-cp311-cp311-manylinux_2_17_x86_64.manylinux2014_x86_64.whl.metadata (7.4 kB)
Collecting shellingham>=1.3.0 (from typer<1.0.0,>=0.3.0->spacy[cuda12x])
  Downloading shellingham-1.5.4-py2.py3-none-any.whl.metadata (3.5 kB)
Requirement already satisfied: rich>=10.11.0 in /opt/conda/lib/python3.11/site-packages (from typer<1.0.0,>=0.3.0->spacy[cuda12x]) (13.9.4)
Collecting cloudpathlib<1.0.0,>=0.7.0 (from weasel<0.5.0,>=0.1.0->spacy[cuda12x])
  Downloading cloudpathlib-0.20.0-py3-none-any.whl.metadata (14 kB)
Collecting smart-open<8.0.0,>=5.2.1 (from weasel<0.5.0,>=0.1.0->spacy[cuda12x])
  Downloading smart_open-7.0.5-py3-none-any.whl.metadata (24 kB)
Requirement already satisfied: MarkupSafe>=2.0 in /opt/conda/lib/python3.11/site-packages (from jinja2->spacy[cuda12x]) (2.1.3)
Collecting marisa-trie>=1.1.0 (from language-data>=1.2->langcodes<4.0.0,>=3.2.0->spacy[cuda12x])
  Downloading marisa_trie-1.2.1-cp311-cp311-manylinux_2_17_x86_64.manylinux2014_x86_64.whl.metadata (9.0 kB)
Requirement already satisfied: markdown-it-py>=2.2.0 in /opt/conda/lib/python3.11/site-packages (from rich>=10.11.0->typer<1.0.0,>=0.3.0->spacy[cuda12x]) (3.0.0)
Requirement already satisfied: pygments<3.0.0,>=2.13.0 in /opt/conda/lib/python3.11/site-packages (from rich>=10.11.0->typer<1.0.0,>=0.3.0->spacy[cuda12x]) (2.16.1)
Requirement already satisfied: wrapt in /opt/conda/lib/python3.11/site-packages (from smart-open<8.0.0,>=5.2.1->weasel<0.5.0,>=0.1.0->spacy[cuda12x]) (1.16.0)
Requirement already satisfied: mdurl~=0.1 in /opt/conda/lib/python3.11/site-packages (from markdown-it-py>=2.2.0->rich>=10.11.0->typer<1.0.0,>=0.3.0->spacy[cuda12x]) (0.1.2)
Downloading nltk-3.9.1-py3-none-any.whl (1.5 MB)
   â”â”â”â”â”â”â”â”â”â”â”â”â”â”â”â”â”â”â”â”â”â”â”â”â”â”â”â”â”â”â”â”â”â”â”â”â”â”â”â” 1.5/1.5 MB 64.3 MB/s eta 0:00:00
Downloading cupy_cuda12x-12.3.0-cp311-cp311-manylinux2014_x86_64.whl (82.3 MB)
   â”â”â”â”â”â”â”â”â”â”â”â”â”â”â”â”â”â”â”â”â”â”â”â”â”â”â”â”â”â”â”â”â”â”â”â”â”â”â”â” 82.3/82.3 MB 92.0 MB/s eta 0:00:00
Downloading numpy-1.26.4-cp311-cp311-manylinux_2_17_x86_64.manylinux2014_x86_64.whl (18.3 MB)
   â”â”â”â”â”â”â”â”â”â”â”â”â”â”â”â”â”â”â”â”â”â”â”â”â”â”â”â”â”â”â”â”â”â”â”â”â”â”â”â” 18.3/18.3 MB 94.9 MB/s eta 0:00:00
Downloading thinc-8.2.5-cp311-cp311-manylinux_2_17_x86_64.manylinux2014_x86_64.whl (920 kB)
   â”â”â”â”â”â”â”â”â”â”â”â”â”â”â”â”â”â”â”â”â”â”â”â”â”â”â”â”â”â”â”â”â”â”â”â”â”â”â”â” 920.2/920.2 kB 49.6 MB/s eta 0:00:00
Downloading catalogue-2.0.10-py3-none-any.whl (17 kB)
Downloading cymem-2.0.8-cp311-cp311-manylinux_2_17_x86_64.manylinux2014_x86_64.whl (46 kB)
Downloading langcodes-3.5.0-py3-none-any.whl (182 kB)
Downloading murmurhash-1.0.10-cp311-cp311-manylinux_2_5_x86_64.manylinux1_x86_64.manylinux_2_17_x86_64.manylinux2014_x86_64.whl (29 kB)
Downloading preshed-3.0.9-cp311-cp311-manylinux_2_5_x86_64.manylinux1_x86_64.manylinux_2_17_x86_64.manylinux2014_x86_64.whl (157 kB)
Downloading pydantic-2.10.0-py3-none-any.whl (454 kB)
Downloading pydantic_core-2.27.0-cp311-cp311-manylinux_2_17_x86_64.manylinux2014_x86_64.whl (2.1 MB)
   â”â”â”â”â”â”â”â”â”â”â”â”â”â”â”â”â”â”â”â”â”â”â”â”â”â”â”â”â”â”â”â”â”â”â”â”â”â”â”â” 2.1/2.1 MB 68.3 MB/s eta 0:00:00
Downloading spacy_legacy-3.0.12-py2.py3-none-any.whl (29 kB)
Downloading spacy_loggers-1.0.5-py3-none-any.whl (22 kB)
Downloading srsly-2.4.8-cp311-cp311-manylinux_2_17_x86_64.manylinux2014_x86_64.whl (490 kB)
Downloading typer-0.13.1-py3-none-any.whl (44 kB)
Downloading wasabi-1.1.3-py3-none-any.whl (27 kB)
Downloading weasel-0.4.1-py3-none-any.whl (50 kB)
Downloading spacy-3.7.5-cp311-cp311-manylinux_2_17_x86_64.manylinux2014_x86_64.whl (6.6 MB)
   â”â”â”â”â”â”â”â”â”â”â”â”â”â”â”â”â”â”â”â”â”â”â”â”â”â”â”â”â”â”â”â”â”â”â”â”â”â”â”â” 6.6/6.6 MB 80.3 MB/s eta 0:00:00
Downloading annotated_types-0.7.0-py3-none-any.whl (13 kB)
Downloading blis-0.7.11-cp311-cp311-manylinux_2_17_x86_64.manylinux2014_x86_64.whl (10.2 MB)
   â”â”â”â”â”â”â”â”â”â”â”â”â”â”â”â”â”â”â”â”â”â”â”â”â”â”â”â”â”â”â”â”â”â”â”â”â”â”â”â” 10.2/10.2 MB 89.1 MB/s eta 0:00:00
Downloading cloudpathlib-0.20.0-py3-none-any.whl (52 kB)
Downloading confection-0.1.5-py3-none-any.whl (35 kB)
Downloading fastrlock-0.8.2-cp311-cp311-manylinux_2_5_x86_64.manylinux1_x86_64.manylinux_2_28_x86_64.whl (52 kB)
Downloading language_data-1.3.0-py3-none-any.whl (5.4 MB)
   â”â”â”â”â”â”â”â”â”â”â”â”â”â”â”â”â”â”â”â”â”â”â”â”â”â”â”â”â”â”â”â”â”â”â”â”â”â”â”â” 5.4/5.4 MB 80.2 MB/s eta 0:00:00
Downloading shellingham-1.5.4-py2.py3-none-any.whl (9.8 kB)
Downloading smart_open-7.0.5-py3-none-any.whl (61 kB)
Downloading typing_extensions-4.12.2-py3-none-any.whl (37 kB)
Downloading marisa_trie-1.2.1-cp311-cp311-manylinux_2_17_x86_64.manylinux2014_x86_64.whl (1.4 MB)
   â”â”â”â”â”â”â”â”â”â”â”â”â”â”â”â”â”â”â”â”â”â”â”â”â”â”â”â”â”â”â”â”â”â”â”â”â”â”â”â” 1.4/1.4 MB 56.9 MB/s eta 0:00:00
Installing collected packages: fastrlock, cymem, wasabi, typing-extensions, spacy-loggers, spacy-legacy, smart-open, shellingham, numpy, nltk, murmurhash, marisa-trie, cloudpathlib, catalogue, annotated-types, srsly, pydantic-core, preshed, language-data, cupy-cuda12x, blis, typer, pydantic, langcodes, confection, weasel, thinc, spacy
  Attempting uninstall: typing-extensions
    Found existing installation: typing_extensions 4.8.0
    Uninstalling typing_extensions-4.8.0:
      Successfully uninstalled typing_extensions-4.8.0
  Attempting uninstall: numpy
    Found existing installation: numpy 2.0.2
    Uninstalling numpy-2.0.2:
      Successfully uninstalled numpy-2.0.2
ERROR: pip's dependency resolver does not currently take into account all the packages that are installed. This behaviour is the source of the following dependency conflicts.
numba 0.57.1 requires numpy<1.25,>=1.21, but you have numpy 1.26.4 which is incompatible.
Successfully installed annotated-types-0.7.0 blis-0.7.11 catalogue-2.0.10 cloudpathlib-0.20.0 confection-0.1.5 cupy-cuda12x-12.3.0 cymem-2.0.8 fastrlock-0.8.2 langcodes-3.5.0 language-data-1.3.0 marisa-trie-1.2.1 murmurhash-1.0.10 nltk-3.9.1 numpy-1.26.4 preshed-3.0.9 pydantic-2.10.0 pydantic-core-2.27.0 shellingham-1.5.4 smart-open-7.0.5 spacy-3.7.5 spacy-legacy-3.0.12 spacy-loggers-1.0.5 srsly-2.4.8 thinc-8.2.5 typer-0.13.1 typing-extensions-4.12.2 wasabi-1.1.3 weasel-0.4.1
WARNING: Running pip as the 'root' user can result in broken permissions and conflicting behaviour with the system package manager, possibly rendering your system unusable.It is recommended to use a virtual environment instead: https://pip.pypa.io/warnings/venv. Use the --root-user-action option if you know what you are doing and want to suppress this warning.
+ python3 -m spacy download sv_core_news_sm
WARNING: The directory '/home/jovyan/.cache/pip' or its parent directory is not owned or is not writable by the current user. The cache has been disabled. Check the permissions and owner of that directory. If executing pip with sudo, you should use sudo's -H flag.
Collecting sv-core-news-sm==3.7.0
  Downloading https://github.com/explosion/spacy-models/releases/download/sv_core_news_sm-3.7.0/sv_core_news_sm-3.7.0-py3-none-any.whl (12.7 MB)
     â”â”â”â”â”â”â”â”â”â”â”â”â”â”â”â”â”â”â”â”â”â”â”â”â”â”â”â”â”â”â”â”â”â”â”â”â”â”â”â” 12.7/12.7 MB 54.1 MB/s eta 0:00:00
Requirement already satisfied: spacy<3.8.0,>=3.7.0 in /opt/conda/lib/python3.11/site-packages (from sv-core-news-sm==3.7.0) (3.7.5)
Requirement already satisfied: spacy-legacy<3.1.0,>=3.0.11 in /opt/conda/lib/python3.11/site-packages (from spacy<3.8.0,>=3.7.0->sv-core-news-sm==3.7.0) (3.0.12)
Requirement already satisfied: spacy-loggers<2.0.0,>=1.0.0 in /opt/conda/lib/python3.11/site-packages (from spacy<3.8.0,>=3.7.0->sv-core-news-sm==3.7.0) (1.0.5)
Requirement already satisfied: murmurhash<1.1.0,>=0.28.0 in /opt/conda/lib/python3.11/site-packages (from spacy<3.8.0,>=3.7.0->sv-core-news-sm==3.7.0) (1.0.10)
Requirement already satisfied: cymem<2.1.0,>=2.0.2 in /opt/conda/lib/python3.11/site-packages (from spacy<3.8.0,>=3.7.0->sv-core-news-sm==3.7.0) (2.0.8)
Requirement already satisfied: preshed<3.1.0,>=3.0.2 in /opt/conda/lib/python3.11/site-packages (from spacy<3.8.0,>=3.7.0->sv-core-news-sm==3.7.0) (3.0.9)
Requirement already satisfied: thinc<8.3.0,>=8.2.2 in /opt/conda/lib/python3.11/site-packages (from spacy<3.8.0,>=3.7.0->sv-core-news-sm==3.7.0) (8.2.5)
Requirement already satisfied: wasabi<1.2.0,>=0.9.1 in /opt/conda/lib/python3.11/site-packages (from spacy<3.8.0,>=3.7.0->sv-core-news-sm==3.7.0) (1.1.3)
Requirement already satisfied: srsly<3.0.0,>=2.4.3 in /opt/conda/lib/python3.11/site-packages (from spacy<3.8.0,>=3.7.0->sv-core-news-sm==3.7.0) (2.4.8)
Requirement already satisfied: catalogue<2.1.0,>=2.0.6 in /opt/conda/lib/python3.11/site-packages (from spacy<3.8.0,>=3.7.0->sv-core-news-sm==3.7.0) (2.0.10)
Requirement already satisfied: weasel<0.5.0,>=0.1.0 in /opt/conda/lib/python3.11/site-packages (from spacy<3.8.0,>=3.7.0->sv-core-news-sm==3.7.0) (0.4.1)
Requirement already satisfied: typer<1.0.0,>=0.3.0 in /opt/conda/lib/python3.11/site-packages (from spacy<3.8.0,>=3.7.0->sv-core-news-sm==3.7.0) (0.13.1)
Requirement already satisfied: tqdm<5.0.0,>=4.38.0 in /opt/conda/lib/python3.11/site-packages (from spacy<3.8.0,>=3.7.0->sv-core-news-sm==3.7.0) (4.66.1)
Requirement already satisfied: requests<3.0.0,>=2.13.0 in /opt/conda/lib/python3.11/site-packages (from spacy<3.8.0,>=3.7.0->sv-core-news-sm==3.7.0) (2.31.0)
Requirement already satisfied: pydantic!=1.8,!=1.8.1,<3.0.0,>=1.7.4 in /opt/conda/lib/python3.11/site-packages (from spacy<3.8.0,>=3.7.0->sv-core-news-sm==3.7.0) (2.10.0)
Requirement already satisfied: jinja2 in /opt/conda/lib/python3.11/site-packages (from spacy<3.8.0,>=3.7.0->sv-core-news-sm==3.7.0) (3.1.2)
Requirement already satisfied: setuptools in /opt/conda/lib/python3.11/site-packages (from spacy<3.8.0,>=3.7.0->sv-core-news-sm==3.7.0) (75.6.0)
Requirement already satisfied: packaging>=20.0 in /opt/conda/lib/python3.11/site-packages (from spacy<3.8.0,>=3.7.0->sv-core-news-sm==3.7.0) (23.2)
Requirement already satisfied: langcodes<4.0.0,>=3.2.0 in /opt/conda/lib/python3.11/site-packages (from spacy<3.8.0,>=3.7.0->sv-core-news-sm==3.7.0) (3.5.0)
Requirement already satisfied: numpy>=1.19.0 in /opt/conda/lib/python3.11/site-packages (from spacy<3.8.0,>=3.7.0->sv-core-news-sm==3.7.0) (1.26.4)
Requirement already satisfied: language-data>=1.2 in /opt/conda/lib/python3.11/site-packages (from langcodes<4.0.0,>=3.2.0->spacy<3.8.0,>=3.7.0->sv-core-news-sm==3.7.0) (1.3.0)
Requirement already satisfied: annotated-types>=0.6.0 in /opt/conda/lib/python3.11/site-packages (from pydantic!=1.8,!=1.8.1,<3.0.0,>=1.7.4->spacy<3.8.0,>=3.7.0->sv-core-news-sm==3.7.0) (0.7.0)
Requirement already satisfied: pydantic-core==2.27.0 in /opt/conda/lib/python3.11/site-packages (from pydantic!=1.8,!=1.8.1,<3.0.0,>=1.7.4->spacy<3.8.0,>=3.7.0->sv-core-news-sm==3.7.0) (2.27.0)
Requirement already satisfied: typing-extensions>=4.12.2 in /opt/conda/lib/python3.11/site-packages (from pydantic!=1.8,!=1.8.1,<3.0.0,>=1.7.4->spacy<3.8.0,>=3.7.0->sv-core-news-sm==3.7.0) (4.12.2)
Requirement already satisfied: charset-normalizer<4,>=2 in /opt/conda/lib/python3.11/site-packages (from requests<3.0.0,>=2.13.0->spacy<3.8.0,>=3.7.0->sv-core-news-sm==3.7.0) (3.3.0)
Requirement already satisfied: idna<4,>=2.5 in /opt/conda/lib/python3.11/site-packages (from requests<3.0.0,>=2.13.0->spacy<3.8.0,>=3.7.0->sv-core-news-sm==3.7.0) (3.4)
Requirement already satisfied: urllib3<3,>=1.21.1 in /opt/conda/lib/python3.11/site-packages (from requests<3.0.0,>=2.13.0->spacy<3.8.0,>=3.7.0->sv-core-news-sm==3.7.0) (2.0.7)
Requirement already satisfied: certifi>=2017.4.17 in /opt/conda/lib/python3.11/site-packages (from requests<3.0.0,>=2.13.0->spacy<3.8.0,>=3.7.0->sv-core-news-sm==3.7.0) (2023.7.22)
Requirement already satisfied: blis<0.8.0,>=0.7.8 in /opt/conda/lib/python3.11/site-packages (from thinc<8.3.0,>=8.2.2->spacy<3.8.0,>=3.7.0->sv-core-news-sm==3.7.0) (0.7.11)
Requirement already satisfied: confection<1.0.0,>=0.0.1 in /opt/conda/lib/python3.11/site-packages (from thinc<8.3.0,>=8.2.2->spacy<3.8.0,>=3.7.0->sv-core-news-sm==3.7.0) (0.1.5)
Requirement already satisfied: click>=8.0.0 in /opt/conda/lib/python3.11/site-packages (from typer<1.0.0,>=0.3.0->spacy<3.8.0,>=3.7.0->sv-core-news-sm==3.7.0) (8.1.7)
Requirement already satisfied: shellingham>=1.3.0 in /opt/conda/lib/python3.11/site-packages (from typer<1.0.0,>=0.3.0->spacy<3.8.0,>=3.7.0->sv-core-news-sm==3.7.0) (1.5.4)
Requirement already satisfied: rich>=10.11.0 in /opt/conda/lib/python3.11/site-packages (from typer<1.0.0,>=0.3.0->spacy<3.8.0,>=3.7.0->sv-core-news-sm==3.7.0) (13.9.4)
Requirement already satisfied: cloudpathlib<1.0.0,>=0.7.0 in /opt/conda/lib/python3.11/site-packages (from weasel<0.5.0,>=0.1.0->spacy<3.8.0,>=3.7.0->sv-core-news-sm==3.7.0) (0.20.0)
Requirement already satisfied: smart-open<8.0.0,>=5.2.1 in /opt/conda/lib/python3.11/site-packages (from weasel<0.5.0,>=0.1.0->spacy<3.8.0,>=3.7.0->sv-core-news-sm==3.7.0) (7.0.5)
Requirement already satisfied: MarkupSafe>=2.0 in /opt/conda/lib/python3.11/site-packages (from jinja2->spacy<3.8.0,>=3.7.0->sv-core-news-sm==3.7.0) (2.1.3)
Requirement already satisfied: marisa-trie>=1.1.0 in /opt/conda/lib/python3.11/site-packages (from language-data>=1.2->langcodes<4.0.0,>=3.2.0->spacy<3.8.0,>=3.7.0->sv-core-news-sm==3.7.0) (1.2.1)
Requirement already satisfied: markdown-it-py>=2.2.0 in /opt/conda/lib/python3.11/site-packages (from rich>=10.11.0->typer<1.0.0,>=0.3.0->spacy<3.8.0,>=3.7.0->sv-core-news-sm==3.7.0) (3.0.0)
Requirement already satisfied: pygments<3.0.0,>=2.13.0 in /opt/conda/lib/python3.11/site-packages (from rich>=10.11.0->typer<1.0.0,>=0.3.0->spacy<3.8.0,>=3.7.0->sv-core-news-sm==3.7.0) (2.16.1)
Requirement already satisfied: wrapt in /opt/conda/lib/python3.11/site-packages (from smart-open<8.0.0,>=5.2.1->weasel<0.5.0,>=0.1.0->spacy<3.8.0,>=3.7.0->sv-core-news-sm==3.7.0) (1.16.0)
Requirement already satisfied: mdurl~=0.1 in /opt/conda/lib/python3.11/site-packages (from markdown-it-py>=2.2.0->rich>=10.11.0->typer<1.0.0,>=0.3.0->spacy<3.8.0,>=3.7.0->sv-core-news-sm==3.7.0) (0.1.2)
Installing collected packages: sv-core-news-sm
Successfully installed sv-core-news-sm-3.7.0
WARNING: Running pip as the 'root' user can result in broken permissions and conflicting behaviour with the system package manager, possibly rendering your system unusable.It is recommended to use a virtual environment instead: https://pip.pypa.io/warnings/venv. Use the --root-user-action option if you know what you are doing and want to suppress this warning.
[38;5;2mâœ” Download and installation successful[0m
You can now load the package via spacy.load('sv_core_news_sm')
+ python3 -m spacy download sv_core_news_md
WARNING: The directory '/home/jovyan/.cache/pip' or its parent directory is not owned or is not writable by the current user. The cache has been disabled. Check the permissions and owner of that directory. If executing pip with sudo, you should use sudo's -H flag.
Collecting sv-core-news-md==3.7.0
  Downloading https://github.com/explosion/spacy-models/releases/download/sv_core_news_md-3.7.0/sv_core_news_md-3.7.0-py3-none-any.whl (67.1 MB)
     â”â”â”â”â”â”â”â”â”â”â”â”â”â”â”â”â”â”â”â”â”â”â”â”â”â”â”â”â”â”â”â”â”â”â”â”â”â”â”â” 67.1/67.1 MB 62.2 MB/s eta 0:00:00
Requirement already satisfied: spacy<3.8.0,>=3.7.0 in /opt/conda/lib/python3.11/site-packages (from sv-core-news-md==3.7.0) (3.7.5)
Requirement already satisfied: spacy-legacy<3.1.0,>=3.0.11 in /opt/conda/lib/python3.11/site-packages (from spacy<3.8.0,>=3.7.0->sv-core-news-md==3.7.0) (3.0.12)
Requirement already satisfied: spacy-loggers<2.0.0,>=1.0.0 in /opt/conda/lib/python3.11/site-packages (from spacy<3.8.0,>=3.7.0->sv-core-news-md==3.7.0) (1.0.5)
Requirement already satisfied: murmurhash<1.1.0,>=0.28.0 in /opt/conda/lib/python3.11/site-packages (from spacy<3.8.0,>=3.7.0->sv-core-news-md==3.7.0) (1.0.10)
Requirement already satisfied: cymem<2.1.0,>=2.0.2 in /opt/conda/lib/python3.11/site-packages (from spacy<3.8.0,>=3.7.0->sv-core-news-md==3.7.0) (2.0.8)
Requirement already satisfied: preshed<3.1.0,>=3.0.2 in /opt/conda/lib/python3.11/site-packages (from spacy<3.8.0,>=3.7.0->sv-core-news-md==3.7.0) (3.0.9)
Requirement already satisfied: thinc<8.3.0,>=8.2.2 in /opt/conda/lib/python3.11/site-packages (from spacy<3.8.0,>=3.7.0->sv-core-news-md==3.7.0) (8.2.5)
Requirement already satisfied: wasabi<1.2.0,>=0.9.1 in /opt/conda/lib/python3.11/site-packages (from spacy<3.8.0,>=3.7.0->sv-core-news-md==3.7.0) (1.1.3)
Requirement already satisfied: srsly<3.0.0,>=2.4.3 in /opt/conda/lib/python3.11/site-packages (from spacy<3.8.0,>=3.7.0->sv-core-news-md==3.7.0) (2.4.8)
Requirement already satisfied: catalogue<2.1.0,>=2.0.6 in /opt/conda/lib/python3.11/site-packages (from spacy<3.8.0,>=3.7.0->sv-core-news-md==3.7.0) (2.0.10)
Requirement already satisfied: weasel<0.5.0,>=0.1.0 in /opt/conda/lib/python3.11/site-packages (from spacy<3.8.0,>=3.7.0->sv-core-news-md==3.7.0) (0.4.1)
Requirement already satisfied: typer<1.0.0,>=0.3.0 in /opt/conda/lib/python3.11/site-packages (from spacy<3.8.0,>=3.7.0->sv-core-news-md==3.7.0) (0.13.1)
Requirement already satisfied: tqdm<5.0.0,>=4.38.0 in /opt/conda/lib/python3.11/site-packages (from spacy<3.8.0,>=3.7.0->sv-core-news-md==3.7.0) (4.66.1)
Requirement already satisfied: requests<3.0.0,>=2.13.0 in /opt/conda/lib/python3.11/site-packages (from spacy<3.8.0,>=3.7.0->sv-core-news-md==3.7.0) (2.31.0)
Requirement already satisfied: pydantic!=1.8,!=1.8.1,<3.0.0,>=1.7.4 in /opt/conda/lib/python3.11/site-packages (from spacy<3.8.0,>=3.7.0->sv-core-news-md==3.7.0) (2.10.0)
Requirement already satisfied: jinja2 in /opt/conda/lib/python3.11/site-packages (from spacy<3.8.0,>=3.7.0->sv-core-news-md==3.7.0) (3.1.2)
Requirement already satisfied: setuptools in /opt/conda/lib/python3.11/site-packages (from spacy<3.8.0,>=3.7.0->sv-core-news-md==3.7.0) (75.6.0)
Requirement already satisfied: packaging>=20.0 in /opt/conda/lib/python3.11/site-packages (from spacy<3.8.0,>=3.7.0->sv-core-news-md==3.7.0) (23.2)
Requirement already satisfied: langcodes<4.0.0,>=3.2.0 in /opt/conda/lib/python3.11/site-packages (from spacy<3.8.0,>=3.7.0->sv-core-news-md==3.7.0) (3.5.0)
Requirement already satisfied: numpy>=1.19.0 in /opt/conda/lib/python3.11/site-packages (from spacy<3.8.0,>=3.7.0->sv-core-news-md==3.7.0) (1.26.4)
Requirement already satisfied: language-data>=1.2 in /opt/conda/lib/python3.11/site-packages (from langcodes<4.0.0,>=3.2.0->spacy<3.8.0,>=3.7.0->sv-core-news-md==3.7.0) (1.3.0)
Requirement already satisfied: annotated-types>=0.6.0 in /opt/conda/lib/python3.11/site-packages (from pydantic!=1.8,!=1.8.1,<3.0.0,>=1.7.4->spacy<3.8.0,>=3.7.0->sv-core-news-md==3.7.0) (0.7.0)
Requirement already satisfied: pydantic-core==2.27.0 in /opt/conda/lib/python3.11/site-packages (from pydantic!=1.8,!=1.8.1,<3.0.0,>=1.7.4->spacy<3.8.0,>=3.7.0->sv-core-news-md==3.7.0) (2.27.0)
Requirement already satisfied: typing-extensions>=4.12.2 in /opt/conda/lib/python3.11/site-packages (from pydantic!=1.8,!=1.8.1,<3.0.0,>=1.7.4->spacy<3.8.0,>=3.7.0->sv-core-news-md==3.7.0) (4.12.2)
Requirement already satisfied: charset-normalizer<4,>=2 in /opt/conda/lib/python3.11/site-packages (from requests<3.0.0,>=2.13.0->spacy<3.8.0,>=3.7.0->sv-core-news-md==3.7.0) (3.3.0)
Requirement already satisfied: idna<4,>=2.5 in /opt/conda/lib/python3.11/site-packages (from requests<3.0.0,>=2.13.0->spacy<3.8.0,>=3.7.0->sv-core-news-md==3.7.0) (3.4)
Requirement already satisfied: urllib3<3,>=1.21.1 in /opt/conda/lib/python3.11/site-packages (from requests<3.0.0,>=2.13.0->spacy<3.8.0,>=3.7.0->sv-core-news-md==3.7.0) (2.0.7)
Requirement already satisfied: certifi>=2017.4.17 in /opt/conda/lib/python3.11/site-packages (from requests<3.0.0,>=2.13.0->spacy<3.8.0,>=3.7.0->sv-core-news-md==3.7.0) (2023.7.22)
Requirement already satisfied: blis<0.8.0,>=0.7.8 in /opt/conda/lib/python3.11/site-packages (from thinc<8.3.0,>=8.2.2->spacy<3.8.0,>=3.7.0->sv-core-news-md==3.7.0) (0.7.11)
Requirement already satisfied: confection<1.0.0,>=0.0.1 in /opt/conda/lib/python3.11/site-packages (from thinc<8.3.0,>=8.2.2->spacy<3.8.0,>=3.7.0->sv-core-news-md==3.7.0) (0.1.5)
Requirement already satisfied: click>=8.0.0 in /opt/conda/lib/python3.11/site-packages (from typer<1.0.0,>=0.3.0->spacy<3.8.0,>=3.7.0->sv-core-news-md==3.7.0) (8.1.7)
Requirement already satisfied: shellingham>=1.3.0 in /opt/conda/lib/python3.11/site-packages (from typer<1.0.0,>=0.3.0->spacy<3.8.0,>=3.7.0->sv-core-news-md==3.7.0) (1.5.4)
Requirement already satisfied: rich>=10.11.0 in /opt/conda/lib/python3.11/site-packages (from typer<1.0.0,>=0.3.0->spacy<3.8.0,>=3.7.0->sv-core-news-md==3.7.0) (13.9.4)
Requirement already satisfied: cloudpathlib<1.0.0,>=0.7.0 in /opt/conda/lib/python3.11/site-packages (from weasel<0.5.0,>=0.1.0->spacy<3.8.0,>=3.7.0->sv-core-news-md==3.7.0) (0.20.0)
Requirement already satisfied: smart-open<8.0.0,>=5.2.1 in /opt/conda/lib/python3.11/site-packages (from weasel<0.5.0,>=0.1.0->spacy<3.8.0,>=3.7.0->sv-core-news-md==3.7.0) (7.0.5)
Requirement already satisfied: MarkupSafe>=2.0 in /opt/conda/lib/python3.11/site-packages (from jinja2->spacy<3.8.0,>=3.7.0->sv-core-news-md==3.7.0) (2.1.3)
Requirement already satisfied: marisa-trie>=1.1.0 in /opt/conda/lib/python3.11/site-packages (from language-data>=1.2->langcodes<4.0.0,>=3.2.0->spacy<3.8.0,>=3.7.0->sv-core-news-md==3.7.0) (1.2.1)
Requirement already satisfied: markdown-it-py>=2.2.0 in /opt/conda/lib/python3.11/site-packages (from rich>=10.11.0->typer<1.0.0,>=0.3.0->spacy<3.8.0,>=3.7.0->sv-core-news-md==3.7.0) (3.0.0)
Requirement already satisfied: pygments<3.0.0,>=2.13.0 in /opt/conda/lib/python3.11/site-packages (from rich>=10.11.0->typer<1.0.0,>=0.3.0->spacy<3.8.0,>=3.7.0->sv-core-news-md==3.7.0) (2.16.1)
Requirement already satisfied: wrapt in /opt/conda/lib/python3.11/site-packages (from smart-open<8.0.0,>=5.2.1->weasel<0.5.0,>=0.1.0->spacy<3.8.0,>=3.7.0->sv-core-news-md==3.7.0) (1.16.0)
Requirement already satisfied: mdurl~=0.1 in /opt/conda/lib/python3.11/site-packages (from markdown-it-py>=2.2.0->rich>=10.11.0->typer<1.0.0,>=0.3.0->spacy<3.8.0,>=3.7.0->sv-core-news-md==3.7.0) (0.1.2)
Installing collected packages: sv-core-news-md
Successfully installed sv-core-news-md-3.7.0
WARNING: Running pip as the 'root' user can result in broken permissions and conflicting behaviour with the system package manager, possibly rendering your system unusable.It is recommended to use a virtual environment instead: https://pip.pypa.io/warnings/venv. Use the --root-user-action option if you know what you are doing and want to suppress this warning.
[38;5;2mâœ” Download and installation successful[0m
You can now load the package via spacy.load('sv_core_news_md')
+ python3 -m spacy download sv_core_news_lg
WARNING: The directory '/home/jovyan/.cache/pip' or its parent directory is not owned or is not writable by the current user. The cache has been disabled. Check the permissions and owner of that directory. If executing pip with sudo, you should use sudo's -H flag.
Collecting sv-core-news-lg==3.7.0
  Downloading https://github.com/explosion/spacy-models/releases/download/sv_core_news_lg-3.7.0/sv_core_news_lg-3.7.0-py3-none-any.whl (228.9 MB)
     â”â”â”â”â”â”â”â”â”â”â”â”â”â”â”â”â”â”â”â”â”â”â”â”â”â”â”â”â”â”â”â”â”â”â”â”â”â” 228.9/228.9 MB 50.0 MB/s eta 0:00:00
Requirement already satisfied: spacy<3.8.0,>=3.7.0 in /opt/conda/lib/python3.11/site-packages (from sv-core-news-lg==3.7.0) (3.7.5)
Requirement already satisfied: spacy-legacy<3.1.0,>=3.0.11 in /opt/conda/lib/python3.11/site-packages (from spacy<3.8.0,>=3.7.0->sv-core-news-lg==3.7.0) (3.0.12)
Requirement already satisfied: spacy-loggers<2.0.0,>=1.0.0 in /opt/conda/lib/python3.11/site-packages (from spacy<3.8.0,>=3.7.0->sv-core-news-lg==3.7.0) (1.0.5)
Requirement already satisfied: murmurhash<1.1.0,>=0.28.0 in /opt/conda/lib/python3.11/site-packages (from spacy<3.8.0,>=3.7.0->sv-core-news-lg==3.7.0) (1.0.10)
Requirement already satisfied: cymem<2.1.0,>=2.0.2 in /opt/conda/lib/python3.11/site-packages (from spacy<3.8.0,>=3.7.0->sv-core-news-lg==3.7.0) (2.0.8)
Requirement already satisfied: preshed<3.1.0,>=3.0.2 in /opt/conda/lib/python3.11/site-packages (from spacy<3.8.0,>=3.7.0->sv-core-news-lg==3.7.0) (3.0.9)
Requirement already satisfied: thinc<8.3.0,>=8.2.2 in /opt/conda/lib/python3.11/site-packages (from spacy<3.8.0,>=3.7.0->sv-core-news-lg==3.7.0) (8.2.5)
Requirement already satisfied: wasabi<1.2.0,>=0.9.1 in /opt/conda/lib/python3.11/site-packages (from spacy<3.8.0,>=3.7.0->sv-core-news-lg==3.7.0) (1.1.3)
Requirement already satisfied: srsly<3.0.0,>=2.4.3 in /opt/conda/lib/python3.11/site-packages (from spacy<3.8.0,>=3.7.0->sv-core-news-lg==3.7.0) (2.4.8)
Requirement already satisfied: catalogue<2.1.0,>=2.0.6 in /opt/conda/lib/python3.11/site-packages (from spacy<3.8.0,>=3.7.0->sv-core-news-lg==3.7.0) (2.0.10)
Requirement already satisfied: weasel<0.5.0,>=0.1.0 in /opt/conda/lib/python3.11/site-packages (from spacy<3.8.0,>=3.7.0->sv-core-news-lg==3.7.0) (0.4.1)
Requirement already satisfied: typer<1.0.0,>=0.3.0 in /opt/conda/lib/python3.11/site-packages (from spacy<3.8.0,>=3.7.0->sv-core-news-lg==3.7.0) (0.13.1)
Requirement already satisfied: tqdm<5.0.0,>=4.38.0 in /opt/conda/lib/python3.11/site-packages (from spacy<3.8.0,>=3.7.0->sv-core-news-lg==3.7.0) (4.66.1)
Requirement already satisfied: requests<3.0.0,>=2.13.0 in /opt/conda/lib/python3.11/site-packages (from spacy<3.8.0,>=3.7.0->sv-core-news-lg==3.7.0) (2.31.0)
Requirement already satisfied: pydantic!=1.8,!=1.8.1,<3.0.0,>=1.7.4 in /opt/conda/lib/python3.11/site-packages (from spacy<3.8.0,>=3.7.0->sv-core-news-lg==3.7.0) (2.10.0)
Requirement already satisfied: jinja2 in /opt/conda/lib/python3.11/site-packages (from spacy<3.8.0,>=3.7.0->sv-core-news-lg==3.7.0) (3.1.2)
Requirement already satisfied: setuptools in /opt/conda/lib/python3.11/site-packages (from spacy<3.8.0,>=3.7.0->sv-core-news-lg==3.7.0) (75.6.0)
Requirement already satisfied: packaging>=20.0 in /opt/conda/lib/python3.11/site-packages (from spacy<3.8.0,>=3.7.0->sv-core-news-lg==3.7.0) (23.2)
Requirement already satisfied: langcodes<4.0.0,>=3.2.0 in /opt/conda/lib/python3.11/site-packages (from spacy<3.8.0,>=3.7.0->sv-core-news-lg==3.7.0) (3.5.0)
Requirement already satisfied: numpy>=1.19.0 in /opt/conda/lib/python3.11/site-packages (from spacy<3.8.0,>=3.7.0->sv-core-news-lg==3.7.0) (1.26.4)
Requirement already satisfied: language-data>=1.2 in /opt/conda/lib/python3.11/site-packages (from langcodes<4.0.0,>=3.2.0->spacy<3.8.0,>=3.7.0->sv-core-news-lg==3.7.0) (1.3.0)
Requirement already satisfied: annotated-types>=0.6.0 in /opt/conda/lib/python3.11/site-packages (from pydantic!=1.8,!=1.8.1,<3.0.0,>=1.7.4->spacy<3.8.0,>=3.7.0->sv-core-news-lg==3.7.0) (0.7.0)
Requirement already satisfied: pydantic-core==2.27.0 in /opt/conda/lib/python3.11/site-packages (from pydantic!=1.8,!=1.8.1,<3.0.0,>=1.7.4->spacy<3.8.0,>=3.7.0->sv-core-news-lg==3.7.0) (2.27.0)
Requirement already satisfied: typing-extensions>=4.12.2 in /opt/conda/lib/python3.11/site-packages (from pydantic!=1.8,!=1.8.1,<3.0.0,>=1.7.4->spacy<3.8.0,>=3.7.0->sv-core-news-lg==3.7.0) (4.12.2)
Requirement already satisfied: charset-normalizer<4,>=2 in /opt/conda/lib/python3.11/site-packages (from requests<3.0.0,>=2.13.0->spacy<3.8.0,>=3.7.0->sv-core-news-lg==3.7.0) (3.3.0)
Requirement already satisfied: idna<4,>=2.5 in /opt/conda/lib/python3.11/site-packages (from requests<3.0.0,>=2.13.0->spacy<3.8.0,>=3.7.0->sv-core-news-lg==3.7.0) (3.4)
Requirement already satisfied: urllib3<3,>=1.21.1 in /opt/conda/lib/python3.11/site-packages (from requests<3.0.0,>=2.13.0->spacy<3.8.0,>=3.7.0->sv-core-news-lg==3.7.0) (2.0.7)
Requirement already satisfied: certifi>=2017.4.17 in /opt/conda/lib/python3.11/site-packages (from requests<3.0.0,>=2.13.0->spacy<3.8.0,>=3.7.0->sv-core-news-lg==3.7.0) (2023.7.22)
Requirement already satisfied: blis<0.8.0,>=0.7.8 in /opt/conda/lib/python3.11/site-packages (from thinc<8.3.0,>=8.2.2->spacy<3.8.0,>=3.7.0->sv-core-news-lg==3.7.0) (0.7.11)
Requirement already satisfied: confection<1.0.0,>=0.0.1 in /opt/conda/lib/python3.11/site-packages (from thinc<8.3.0,>=8.2.2->spacy<3.8.0,>=3.7.0->sv-core-news-lg==3.7.0) (0.1.5)
Requirement already satisfied: click>=8.0.0 in /opt/conda/lib/python3.11/site-packages (from typer<1.0.0,>=0.3.0->spacy<3.8.0,>=3.7.0->sv-core-news-lg==3.7.0) (8.1.7)
Requirement already satisfied: shellingham>=1.3.0 in /opt/conda/lib/python3.11/site-packages (from typer<1.0.0,>=0.3.0->spacy<3.8.0,>=3.7.0->sv-core-news-lg==3.7.0) (1.5.4)
Requirement already satisfied: rich>=10.11.0 in /opt/conda/lib/python3.11/site-packages (from typer<1.0.0,>=0.3.0->spacy<3.8.0,>=3.7.0->sv-core-news-lg==3.7.0) (13.9.4)
Requirement already satisfied: cloudpathlib<1.0.0,>=0.7.0 in /opt/conda/lib/python3.11/site-packages (from weasel<0.5.0,>=0.1.0->spacy<3.8.0,>=3.7.0->sv-core-news-lg==3.7.0) (0.20.0)
Requirement already satisfied: smart-open<8.0.0,>=5.2.1 in /opt/conda/lib/python3.11/site-packages (from weasel<0.5.0,>=0.1.0->spacy<3.8.0,>=3.7.0->sv-core-news-lg==3.7.0) (7.0.5)
Requirement already satisfied: MarkupSafe>=2.0 in /opt/conda/lib/python3.11/site-packages (from jinja2->spacy<3.8.0,>=3.7.0->sv-core-news-lg==3.7.0) (2.1.3)
Requirement already satisfied: marisa-trie>=1.1.0 in /opt/conda/lib/python3.11/site-packages (from language-data>=1.2->langcodes<4.0.0,>=3.2.0->spacy<3.8.0,>=3.7.0->sv-core-news-lg==3.7.0) (1.2.1)
Requirement already satisfied: markdown-it-py>=2.2.0 in /opt/conda/lib/python3.11/site-packages (from rich>=10.11.0->typer<1.0.0,>=0.3.0->spacy<3.8.0,>=3.7.0->sv-core-news-lg==3.7.0) (3.0.0)
Requirement already satisfied: pygments<3.0.0,>=2.13.0 in /opt/conda/lib/python3.11/site-packages (from rich>=10.11.0->typer<1.0.0,>=0.3.0->spacy<3.8.0,>=3.7.0->sv-core-news-lg==3.7.0) (2.16.1)
Requirement already satisfied: wrapt in /opt/conda/lib/python3.11/site-packages (from smart-open<8.0.0,>=5.2.1->weasel<0.5.0,>=0.1.0->spacy<3.8.0,>=3.7.0->sv-core-news-lg==3.7.0) (1.16.0)
Requirement already satisfied: mdurl~=0.1 in /opt/conda/lib/python3.11/site-packages (from markdown-it-py>=2.2.0->rich>=10.11.0->typer<1.0.0,>=0.3.0->spacy<3.8.0,>=3.7.0->sv-core-news-lg==3.7.0) (0.1.2)
Installing collected packages: sv-core-news-lg
Successfully installed sv-core-news-lg-3.7.0
WARNING: Running pip as the 'root' user can result in broken permissions and conflicting behaviour with the system package manager, possibly rendering your system unusable.It is recommended to use a virtual environment instead: https://pip.pypa.io/warnings/venv. Use the --root-user-action option if you know what you are doing and want to suppress this warning.
[38;5;2mâœ” Download and installation successful[0m
You can now load the package via spacy.load('sv_core_news_lg')
INFO:    Adding runscript
INFO:    Creating SIF file...
INFO:    Build complete: transformers-2024.11.22.sif
